<?xml version="1.0" encoding="UTF-8"?>
<testng-results ignored="0" total="1" passed="1" failed="0" skipped="0">
  <reporter-output>
  </reporter-output>
  <suite started-at="2024-01-22T08:22:31Z" name="Default suite" finished-at="2024-01-22T08:22:35Z" duration-ms="3661">
    <groups>
    </groups>
    <test started-at="2024-01-22T08:22:31Z" name="Default test" finished-at="2024-01-22T08:22:35Z" duration-ms="3661">
      <class name="prueba.pruebaTest">
        <test-method signature="f()[pri:0, instance:prueba.pruebaTest@247310d0]" started-at="2024-01-22T05:22:31Z" name="f" finished-at="2024-01-22T05:22:35Z" duration-ms="3644" status="PASS">
          <reporter-output>
          </reporter-output>
        </test-method> <!-- f -->
      </class> <!-- prueba.pruebaTest -->
    </test> <!-- Default test -->
  </suite> <!-- Default suite -->
</testng-results>
