<?xml version="1.0" encoding="UTF-8"?>
<testng-results ignored="0" total="1" passed="1" failed="0" skipped="0">
  <reporter-output>
  </reporter-output>
  <suite started-at="2024-01-20T15:51:01Z" name="Default suite" finished-at="2024-01-20T15:51:03Z" duration-ms="1921">
    <groups>
    </groups>
    <test started-at="2024-01-20T15:51:01Z" name="Default test" finished-at="2024-01-20T15:51:03Z" duration-ms="1921">
      <class name="prueba.pruebaTest">
        <test-method signature="f()[pri:0, instance:prueba.pruebaTest@70ed52de]" started-at="2024-01-20T12:51:01Z" name="f" finished-at="2024-01-20T12:51:03Z" duration-ms="1912" status="PASS">
          <reporter-output>
          </reporter-output>
        </test-method> <!-- f -->
      </class> <!-- prueba.pruebaTest -->
    </test> <!-- Default test -->
  </suite> <!-- Default suite -->
</testng-results>
